0 info it worked if it ends with ok
1 verbose cli [ '/usr/bin/node',
1 verbose cli   '/usr/bin/npm',
1 verbose cli   'install',
1 verbose cli   '--no-audit',
1 verbose cli   '--no-update-notifier',
1 verbose cli   '--save',
1 verbose cli   '--save-prefix="~"',
1 verbose cli   '--production',
1 verbose cli   'node-red-contrib-ip@0.0.6' ]
2 info using npm@6.10.2
3 info using node@v10.16.1
4 verbose npm-session e2ad0d40b9baa8de
5 silly install loadCurrentTree
6 silly install readLocalPackageData
7 silly fetchPackageMetaData error for node-red-contrib-ip@0.0.6 request to https://registry.npmjs.org/node-red-contrib-ip failed, reason: getaddrinfo EAI_AGAIN registry.npmjs.org registry.npmjs.org:443
8 timing stage:rollbackFailedOptional Completed in 6ms
9 timing stage:runTopLevelLifecycles Completed in 396ms
10 verbose type system
11 verbose stack FetchError: request to https://registry.npmjs.org/node-red-contrib-ip failed, reason: getaddrinfo EAI_AGAIN registry.npmjs.org registry.npmjs.org:443
11 verbose stack     at ClientRequest.req.on.err (/usr/lib/node_modules/npm/node_modules/node-fetch-npm/src/index.js:68:14)
11 verbose stack     at ClientRequest.emit (events.js:198:13)
11 verbose stack     at TLSSocket.socketErrorListener (_http_client.js:392:9)
11 verbose stack     at TLSSocket.emit (events.js:198:13)
11 verbose stack     at emitErrorNT (internal/streams/destroy.js:91:8)
11 verbose stack     at emitErrorAndCloseNT (internal/streams/destroy.js:59:3)
11 verbose stack     at process._tickCallback (internal/process/next_tick.js:63:19)
12 verbose cwd /home/pi/.node-red
13 verbose Linux 4.19.58-v7+
14 verbose argv "/usr/bin/node" "/usr/bin/npm" "install" "--no-audit" "--no-update-notifier" "--save" "--save-prefix=\"~\"" "--production" "node-red-contrib-ip@0.0.6"
15 verbose node v10.16.1
16 verbose npm  v6.10.2
17 error code EAI_AGAIN
18 error errno EAI_AGAIN
19 error request to https://registry.npmjs.org/node-red-contrib-ip failed, reason: getaddrinfo EAI_AGAIN registry.npmjs.org registry.npmjs.org:443
20 verbose exit [ 1, true ]
